<?xml version="1.0" encoding="UTF-8"?>
<testsuite xmlns:xsi="http://www.w3.org/2001/XMLSchema-instance" xsi:noNamespaceSchemaLocation="https://maven.apache.org/surefire/maven-surefire-plugin/xsd/surefire-test-report-3.0.xsd" version="3.0" name="TestSuite" time="67.185" tests="6" errors="0" skipped="0" failures="0">
  <properties>
[...]
</properties>
  <testcase name="runScenario[&quot;Memilih fasilitas kesehatan dan memesan tanggal janji temu&quot;, &quot;Booking appointment&quot;](1)" classname="com.juaracoding.healthcare.runners.RunnerTest" time="12.023">
    <system-out><![CDATA[
Scenario Outline: Memilih fasilitas kesehatan dan memesan tanggal janji temu                                                      &amp#27;[90m# src/test/resources/features/Appointment.feature:12&amp#27;[0m
  &amp#27;[32mGiven &amp#27;[0m&amp#27;[32mpengguna wajib melakukan login terlebih dahulu.&amp#27;[0m                                                                           &amp#27;[90m# com.juaracoding.healthcare.definitions.appointments.BookingAppointmentSteps.step01()&amp#27;[0m
  &amp#27;[32mWhen &amp#27;[0m&amp#27;[32mpengguna memilih fasilitas &amp#27;[0m&amp#27;[32m&amp#27;[1m"Seoul CURA Healthcare Center"&amp#27;[0m&amp#27;[32m.&amp#27;[0m                                                                 &amp#27;[90m# com.juaracoding.healthcare.definitions.appointments.BookingAppointmentSteps.step02(java.lang.String)&amp#27;[0m
  &amp#27;[32mAnd &amp#27;[0m&amp#27;[32mpengguna memilih tanggal janji pada &amp#27;[0m&amp#27;[32m&amp#27;[1m"15/08/2025"&amp#27;[0m&amp#27;[32m.&amp#27;[0m                                                                           &amp#27;[90m# com.juaracoding.healthcare.definitions.appointments.BookingAppointmentSteps.step03(java.lang.String)&amp#27;[0m
  &amp#27;[32mAnd &amp#27;[0m&amp#27;[32mpengguna klik Book Appointment jika sudah sesuai.&amp#27;[0m                                                                           &amp#27;[90m# com.juaracoding.healthcare.definitions.appointments.BookingAppointmentSteps.step04()&amp#27;[0m
  &amp#27;[32mThen &amp#27;[0m&amp#27;[32mpengguna akan mendapatkan verifikasi fasilitas &amp#27;[0m&amp#27;[32m&amp#27;[1m"Seoul CURA Healthcare Center"&amp#27;[0m&amp#27;[32m dan tanggal &amp#27;[0m&amp#27;[32m&amp#27;[1m"15/08/2025"&amp#27;[0m&amp#27;[32m yang sudah dipilih.&amp#27;[0m &amp#27;[90m# com.juaracoding.healthcare.definitions.appointments.BookingAppointmentSteps.step05(java.lang.String,java.lang.String)&amp#27;[0m

    Embedding Memilih fasilitas kesehatan dan memesan tanggal janji temu [image/png 48379 bytes]

]]></system-out>
  </testcase>
  <testcase name="runScenario[&quot;Positive Sign In Cura Healthcare Service&quot;, &quot;Authentication Feature&quot;](2)" classname="com.juaracoding.healthcare.runners.RunnerTest" time="10.911">
    <system-out><![CDATA[
Scenario Outline: Positive Sign In Cura Healthcare Service                                                                            &amp#27;[90m# src/test/resources/features/Authentication.feature:10&amp#27;[0m
  &amp#27;[32mGiven &amp#27;[0m&amp#27;[32mpengguna berada di halaman login CURA Healthcare Service.&amp#27;[0m                                                                     &amp#27;[90m# com.juaracoding.healthcare.definitions.authentications.PositiveLoginSteps.step01()&amp#27;[0m
  &amp#27;[32mWhen &amp#27;[0m&amp#27;[32mpengguna login dengan username &amp#27;[0m&amp#27;[32m&amp#27;[1m"John Doe"&amp#27;[0m&amp#27;[32m dan password &amp#27;[0m&amp#27;[32m&amp#27;[1m"ThisIsNotAPassword"&amp#27;[0m&amp#27;[32m.&amp#27;[0m                                                   &amp#27;[90m# com.juaracoding.healthcare.definitions.authentications.PositiveLoginSteps.step02(java.lang.String,java.lang.String)&amp#27;[0m
  &amp#27;[32mThen &amp#27;[0m&amp#27;[32mpengguna akan di bawa ke halaman dengan url &amp#27;[0m&amp#27;[32m&amp#27;[1m"https://katalon-demo-cura.herokuapp.com/#appointment"&amp#27;[0m&amp#27;[32m untuk memeriksa hasil test.&amp#27;[0m &amp#27;[90m# com.juaracoding.healthcare.definitions.authentications.PositiveLoginSteps.step03(java.lang.String)&amp#27;[0m

    Embedding Positive Sign In Cura Healthcare Service [image/png 41759 bytes]

]]></system-out>
  </testcase>
  <testcase name="runScenario[&quot;Negative Sign In Cura Healthcare Service&quot;, &quot;Authentication Feature&quot;](3)" classname="com.juaracoding.healthcare.runners.RunnerTest" time="10.675">
    <system-out><![CDATA[
Scenario Outline: Negative Sign In Cura Healthcare Service                                                       &amp#27;[90m# src/test/resources/features/Authentication.feature:21&amp#27;[0m
  &amp#27;[32mGiven &amp#27;[0m&amp#27;[32mpengguna masuk terlebih dahulu ke halama login.&amp#27;[0m                                                          &amp#27;[90m# com.juaracoding.healthcare.definitions.authentications.NegativeLoginSteps.step01()&amp#27;[0m
  &amp#27;[32mWhen &amp#27;[0m&amp#27;[32mpengguna memasukkan username &amp#27;[0m&amp#27;[32m&amp#27;[1m"invalidUsername"&amp#27;[0m&amp#27;[32m.&amp#27;[0m                                                           &amp#27;[90m# com.juaracoding.healthcare.definitions.authentications.NegativeLoginSteps.step02(java.lang.String)&amp#27;[0m
  &amp#27;[32mAnd &amp#27;[0m&amp#27;[32mpengguna memasukkan password &amp#27;[0m&amp#27;[32m&amp#27;[1m"ThisIsNotAPassword"&amp#27;[0m&amp#27;[32m.&amp#27;[0m                                                         &amp#27;[90m# com.juaracoding.healthcare.definitions.authentications.NegativeLoginSteps.step03(java.lang.String)&amp#27;[0m
  &amp#27;[32mAnd &amp#27;[0m&amp#27;[32mpengguna menekan tombol login.&amp#27;[0m                                                                             &amp#27;[90m# com.juaracoding.healthcare.definitions.authentications.NegativeLoginSteps.step04()&amp#27;[0m
  &amp#27;[32mThen &amp#27;[0m&amp#27;[32mpengguna akan melihat pesan kesalahan &amp#27;[0m&amp#27;[32m&amp#27;[1m"Login failed! Please ensure the username and password are valid."&amp#27;[0m&amp#27;[32m.&amp#27;[0m &amp#27;[90m# com.juaracoding.healthcare.definitions.authentications.NegativeLoginSteps.step05(java.lang.String)&amp#27;[0m

    Embedding Negative Sign In Cura Healthcare Service [image/png 39550 bytes]

]]></system-out>
  </testcase>
  <testcase name="runScenario[&quot;Negative Sign In Cura Healthcare Service&quot;, &quot;Authentication Feature&quot;](4)" classname="com.juaracoding.healthcare.runners.RunnerTest" time="10.504">
    <system-out><![CDATA[
Scenario Outline: Negative Sign In Cura Healthcare Service                                                       &amp#27;[90m# src/test/resources/features/Authentication.feature:22&amp#27;[0m
  &amp#27;[32mGiven &amp#27;[0m&amp#27;[32mpengguna masuk terlebih dahulu ke halama login.&amp#27;[0m                                                          &amp#27;[90m# com.juaracoding.healthcare.definitions.authentications.NegativeLoginSteps.step01()&amp#27;[0m
  &amp#27;[32mWhen &amp#27;[0m&amp#27;[32mpengguna memasukkan username &amp#27;[0m&amp#27;[32m&amp#27;[1m"John Doe"&amp#27;[0m&amp#27;[32m.&amp#27;[0m                                                                  &amp#27;[90m# com.juaracoding.healthcare.definitions.authentications.NegativeLoginSteps.step02(java.lang.String)&amp#27;[0m
  &amp#27;[32mAnd &amp#27;[0m&amp#27;[32mpengguna memasukkan password &amp#27;[0m&amp#27;[32m&amp#27;[1m"invalidPassword"&amp#27;[0m&amp#27;[32m.&amp#27;[0m                                                            &amp#27;[90m# com.juaracoding.healthcare.definitions.authentications.NegativeLoginSteps.step03(java.lang.String)&amp#27;[0m
  &amp#27;[32mAnd &amp#27;[0m&amp#27;[32mpengguna menekan tombol login.&amp#27;[0m                                                                             &amp#27;[90m# com.juaracoding.healthcare.definitions.authentications.NegativeLoginSteps.step04()&amp#27;[0m
  &amp#27;[32mThen &amp#27;[0m&amp#27;[32mpengguna akan melihat pesan kesalahan &amp#27;[0m&amp#27;[32m&amp#27;[1m"Login failed! Please ensure the username and password are valid."&amp#27;[0m&amp#27;[32m.&amp#27;[0m &amp#27;[90m# com.juaracoding.healthcare.definitions.authentications.NegativeLoginSteps.step05(java.lang.String)&amp#27;[0m

    Embedding Negative Sign In Cura Healthcare Service [image/png 39549 bytes]

]]></system-out>
  </testcase>
  <testcase name="runScenario[&quot;Negative Sign In Cura Healthcare Service&quot;, &quot;Authentication Feature&quot;](5)" classname="com.juaracoding.healthcare.runners.RunnerTest" time="10.224">
    <system-out><![CDATA[
Scenario Outline: Negative Sign In Cura Healthcare Service                                                       &amp#27;[90m# src/test/resources/features/Authentication.feature:23&amp#27;[0m
  &amp#27;[32mGiven &amp#27;[0m&amp#27;[32mpengguna masuk terlebih dahulu ke halama login.&amp#27;[0m                                                          &amp#27;[90m# com.juaracoding.healthcare.definitions.authentications.NegativeLoginSteps.step01()&amp#27;[0m
  &amp#27;[32mWhen &amp#27;[0m&amp#27;[32mpengguna memasukkan username &amp#27;[0m&amp#27;[32m&amp#27;[1m"John Doe"&amp#27;[0m&amp#27;[32m.&amp#27;[0m                                                                  &amp#27;[90m# com.juaracoding.healthcare.definitions.authentications.NegativeLoginSteps.step02(java.lang.String)&amp#27;[0m
  &amp#27;[32mAnd &amp#27;[0m&amp#27;[32mpengguna memasukkan password &amp#27;[0m&amp#27;[32m&amp#27;[1m""&amp#27;[0m&amp#27;[32m.&amp#27;[0m                                                                           &amp#27;[90m# com.juaracoding.healthcare.definitions.authentications.NegativeLoginSteps.step03(java.lang.String)&amp#27;[0m
  &amp#27;[32mAnd &amp#27;[0m&amp#27;[32mpengguna menekan tombol login.&amp#27;[0m                                                                             &amp#27;[90m# com.juaracoding.healthcare.definitions.authentications.NegativeLoginSteps.step04()&amp#27;[0m
  &amp#27;[32mThen &amp#27;[0m&amp#27;[32mpengguna akan melihat pesan kesalahan &amp#27;[0m&amp#27;[32m&amp#27;[1m"Login failed! Please ensure the username and password are valid."&amp#27;[0m&amp#27;[32m.&amp#27;[0m &amp#27;[90m# com.juaracoding.healthcare.definitions.authentications.NegativeLoginSteps.step05(java.lang.String)&amp#27;[0m

    Embedding Negative Sign In Cura Healthcare Service [image/png 39549 bytes]

]]></system-out>
  </testcase>
  <testcase name="runScenario[&quot;Negative Sign In Cura Healthcare Service&quot;, &quot;Authentication Feature&quot;](6)" classname="com.juaracoding.healthcare.runners.RunnerTest" time="10.693">
    <system-out><![CDATA[
Scenario Outline: Negative Sign In Cura Healthcare Service                                                       &amp#27;[90m# src/test/resources/features/Authentication.feature:24&amp#27;[0m
  &amp#27;[32mGiven &amp#27;[0m&amp#27;[32mpengguna masuk terlebih dahulu ke halama login.&amp#27;[0m                                                          &amp#27;[90m# com.juaracoding.healthcare.definitions.authentications.NegativeLoginSteps.step01()&amp#27;[0m
  &amp#27;[32mWhen &amp#27;[0m&amp#27;[32mpengguna memasukkan username &amp#27;[0m&amp#27;[32m&amp#27;[1m""&amp#27;[0m&amp#27;[32m.&amp#27;[0m                                                                          &amp#27;[90m# com.juaracoding.healthcare.definitions.authentications.NegativeLoginSteps.step02(java.lang.String)&amp#27;[0m
  &amp#27;[32mAnd &amp#27;[0m&amp#27;[32mpengguna memasukkan password &amp#27;[0m&amp#27;[32m&amp#27;[1m"ThisIsNotAPassword"&amp#27;[0m&amp#27;[32m.&amp#27;[0m                                                         &amp#27;[90m# com.juaracoding.healthcare.definitions.authentications.NegativeLoginSteps.step03(java.lang.String)&amp#27;[0m
  &amp#27;[32mAnd &amp#27;[0m&amp#27;[32mpengguna menekan tombol login.&amp#27;[0m                                                                             &amp#27;[90m# com.juaracoding.healthcare.definitions.authentications.NegativeLoginSteps.step04()&amp#27;[0m
  &amp#27;[32mThen &amp#27;[0m&amp#27;[32mpengguna akan melihat pesan kesalahan &amp#27;[0m&amp#27;[32m&amp#27;[1m"Login failed! Please ensure the username and password are valid."&amp#27;[0m&amp#27;[32m.&amp#27;[0m &amp#27;[90m# com.juaracoding.healthcare.definitions.authentications.NegativeLoginSteps.step05(java.lang.String)&amp#27;[0m

    Embedding Negative Sign In Cura Healthcare Service [image/png 39549 bytes]

]]></system-out>
  </testcase>
</testsuite>